17-11-08 14:35:20.527 [main:442] [INFO ] [com.fatty.db2code.Db2codeTest] - nihao
17-11-08 14:35:20.548 [main:463] [WARN ] [com.jolbox.bonecp.BoneCPConfig] - releaseHelperThreads has been deprecated -- it tends to slow down your application more.
17-11-08 14:35:20.810 [main:725] [INFO ] [com.fatty.db.BoneCPDBPoolMgr] - 加载配置连接池:db,URL:jdbc:mysql://localhost/ledger_test?characterEncoding=utf-8&autoReconnect=true&useSSL=false完成！
17-11-08 14:35:48.965 [main:438] [INFO ] [com.fatty.db2code.Db2codeTest] - nihao
17-11-08 14:35:48.985 [main:458] [WARN ] [com.jolbox.bonecp.BoneCPConfig] - releaseHelperThreads has been deprecated -- it tends to slow down your application more.
17-11-08 14:35:49.238 [main:711] [INFO ] [com.fatty.db.BoneCPDBPoolMgr] - 加载配置连接池:db,URL:jdbc:mysql://localhost/ledger_test?characterEncoding=utf-8&autoReconnect=true&useSSL=false完成！
17-11-08 14:35:56.994 [main:442] [INFO ] [com.fatty.db2code.Db2codeTest] - nihao
17-11-08 14:35:57.015 [main:463] [WARN ] [com.jolbox.bonecp.BoneCPConfig] - releaseHelperThreads has been deprecated -- it tends to slow down your application more.
17-11-08 14:35:57.283 [main:731] [INFO ] [com.fatty.db.BoneCPDBPoolMgr] - 加载配置连接池:db,URL:jdbc:mysql://localhost/ledger_test?characterEncoding=utf-8&autoReconnect=true&useSSL=false完成！
17-11-08 14:37:12.330 [main:454] [INFO ] [com.fatty.db2code.Db2codeTest] - nihao
17-11-08 14:37:12.352 [main:476] [WARN ] [com.jolbox.bonecp.BoneCPConfig] - releaseHelperThreads has been deprecated -- it tends to slow down your application more.
17-11-08 14:37:12.619 [main:743] [INFO ] [com.fatty.db.BoneCPDBPoolMgr] - 加载配置连接池:db,URL:jdbc:mysql://localhost/ledger_test?characterEncoding=utf-8&autoReconnect=true&useSSL=false完成！
17-11-08 14:37:14.294 [main:442] [INFO ] [com.fatty.db2code.Db2codeTest] - nihao
17-11-08 14:37:14.315 [main:463] [WARN ] [com.jolbox.bonecp.BoneCPConfig] - releaseHelperThreads has been deprecated -- it tends to slow down your application more.
17-11-08 14:37:14.583 [main:731] [INFO ] [com.fatty.db.BoneCPDBPoolMgr] - 加载配置连接池:db,URL:jdbc:mysql://localhost/ledger_test?characterEncoding=utf-8&autoReconnect=true&useSSL=false完成！
17-11-08 14:37:16.618 [main:440] [INFO ] [com.fatty.db2code.Db2codeTest] - nihao
17-11-08 14:37:16.639 [main:461] [WARN ] [com.jolbox.bonecp.BoneCPConfig] - releaseHelperThreads has been deprecated -- it tends to slow down your application more.
17-11-08 14:37:16.901 [main:723] [INFO ] [com.fatty.db.BoneCPDBPoolMgr] - 加载配置连接池:db,URL:jdbc:mysql://localhost/ledger_test?characterEncoding=utf-8&autoReconnect=true&useSSL=false完成！
17-11-08 14:38:09.057 [main:449] [INFO ] [com.fatty.db2code.Db2codeTest] - nihao
17-11-08 14:38:09.077 [main:469] [WARN ] [com.jolbox.bonecp.BoneCPConfig] - releaseHelperThreads has been deprecated -- it tends to slow down your application more.
17-11-08 14:38:09.338 [main:730] [INFO ] [com.fatty.db.BoneCPDBPoolMgr] - 加载配置连接池:db,URL:jdbc:mysql://localhost/ledger_test?characterEncoding=utf-8&autoReconnect=true&useSSL=false完成！
17-11-08 14:38:10.826 [main:450] [INFO ] [com.fatty.db2code.Db2codeTest] - nihao
17-11-08 14:38:10.847 [main:471] [WARN ] [com.jolbox.bonecp.BoneCPConfig] - releaseHelperThreads has been deprecated -- it tends to slow down your application more.
17-11-08 14:38:11.113 [main:737] [INFO ] [com.fatty.db.BoneCPDBPoolMgr] - 加载配置连接池:db,URL:jdbc:mysql://localhost/ledger_test?characterEncoding=utf-8&autoReconnect=true&useSSL=false完成！
17-11-08 14:38:11.983 [main:456] [INFO ] [com.fatty.db2code.Db2codeTest] - nihao
17-11-08 14:38:12.004 [main:477] [WARN ] [com.jolbox.bonecp.BoneCPConfig] - releaseHelperThreads has been deprecated -- it tends to slow down your application more.
17-11-08 14:38:12.263 [main:736] [INFO ] [com.fatty.db.BoneCPDBPoolMgr] - 加载配置连接池:db,URL:jdbc:mysql://localhost/ledger_test?characterEncoding=utf-8&autoReconnect=true&useSSL=false完成！
17-11-08 14:38:48.552 [main:447] [INFO ] [com.fatty.db2code.Db2codeTest] - nihao
17-11-08 14:38:48.574 [main:469] [WARN ] [com.jolbox.bonecp.BoneCPConfig] - releaseHelperThreads has been deprecated -- it tends to slow down your application more.
17-11-08 14:38:48.848 [main:743] [INFO ] [com.fatty.db.BoneCPDBPoolMgr] - 加载配置连接池:db,URL:jdbc:mysql://localhost/ledger_test?characterEncoding=utf-8&autoReconnect=true&useSSL=false完成！
17-11-13 14:35:01.331 [main:1404] [INFO ] [com.fatty.db2code.Db2codeTest] - nihao
17-11-13 14:35:10.637 [main:10710] [ERROR] [com.fatty.db.BoneCPDBPoolMgr] - 创建db连接池失败 poolName : db
java.sql.SQLException: Unable to open a test connection to the given database. JDBC url = jdbc:mysql://localhost/ledger_test?characterEncoding=utf-8&autoReconnect=true&useSSL=false, username = root. Terminating connection pool (set lazyInit to true if you expect to start your database after your app). Original Exception: ------
com.mysql.jdbc.exceptions.jdbc4.MySQLNonTransientConnectionException: Could not create connection to database server. Attempted reconnect 3 times. Giving up.
	at sun.reflect.NativeConstructorAccessorImpl.newInstance0(Native Method)
	at sun.reflect.NativeConstructorAccessorImpl.newInstance(NativeConstructorAccessorImpl.java:62)
	at sun.reflect.DelegatingConstructorAccessorImpl.newInstance(DelegatingConstructorAccessorImpl.java:45)
	at java.lang.reflect.Constructor.newInstance(Constructor.java:423)
	at com.mysql.jdbc.Util.handleNewInstance(Util.java:425)
	at com.mysql.jdbc.Util.getInstance(Util.java:408)
	at com.mysql.jdbc.SQLError.createSQLException(SQLError.java:918)
	at com.mysql.jdbc.SQLError.createSQLException(SQLError.java:897)
	at com.mysql.jdbc.SQLError.createSQLException(SQLError.java:886)
	at com.mysql.jdbc.SQLError.createSQLException(SQLError.java:860)
	at com.mysql.jdbc.ConnectionImpl.connectWithRetries(ConnectionImpl.java:2097)
	at com.mysql.jdbc.ConnectionImpl.createNewIO(ConnectionImpl.java:2022)
	at com.mysql.jdbc.ConnectionImpl.<init>(ConnectionImpl.java:779)
	at com.mysql.jdbc.JDBC4Connection.<init>(JDBC4Connection.java:47)
	at sun.reflect.NativeConstructorAccessorImpl.newInstance0(Native Method)
	at sun.reflect.NativeConstructorAccessorImpl.newInstance(NativeConstructorAccessorImpl.java:62)
	at sun.reflect.DelegatingConstructorAccessorImpl.newInstance(DelegatingConstructorAccessorImpl.java:45)
	at java.lang.reflect.Constructor.newInstance(Constructor.java:423)
	at com.mysql.jdbc.Util.handleNewInstance(Util.java:425)
	at com.mysql.jdbc.ConnectionImpl.getInstance(ConnectionImpl.java:389)
	at com.mysql.jdbc.NonRegisteringDriver.connect(NonRegisteringDriver.java:330)
	at john.walker.spi.MysqlProxyDriver.connect(MysqlProxyDriver.java:39)
	at java.sql.DriverManager.getConnection(DriverManager.java:664)
	at java.sql.DriverManager.getConnection(DriverManager.java:247)
	at com.jolbox.bonecp.BoneCP.obtainRawInternalConnection(BoneCP.java:363)
	at com.jolbox.bonecp.BoneCP.<init>(BoneCP.java:416)
	at com.fatty.db.pool.BoneCPDBPool.<init>(BoneCPDBPool.java:68)
	at com.fatty.db.BoneCPDBPoolMgr.createPools(BoneCPDBPoolMgr.java:44)
	at com.fatty.db.BoneCPDBPoolMgr.createDbPool(BoneCPDBPoolMgr.java:38)
	at com.fatty.db.BoneCPDBPoolMgr.init(BoneCPDBPoolMgr.java:23)
	at com.fatty.db2code.Db2codeTest$1.getConnection(Db2codeTest.java:24)
	at com.fatty.db2code.Db2codeUtil.getTableInfo(Db2codeUtil.java:71)
	at com.fatty.db2code.Db2codeUtil.db2code(Db2codeUtil.java:46)
	at com.fatty.db2code.Db2codeTest.main(Db2codeTest.java:29)
	at sun.reflect.NativeMethodAccessorImpl.invoke0(Native Method)
	at sun.reflect.NativeMethodAccessorImpl.invoke(NativeMethodAccessorImpl.java:62)
	at sun.reflect.DelegatingMethodAccessorImpl.invoke(DelegatingMethodAccessorImpl.java:43)
	at java.lang.reflect.Method.invoke(Method.java:498)
	at org.junit.runners.model.FrameworkMethod$1.runReflectiveCall(FrameworkMethod.java:50)
	at org.junit.internal.runners.model.ReflectiveCallable.run(ReflectiveCallable.java:12)
	at org.junit.runners.model.FrameworkMethod.invokeExplosively(FrameworkMethod.java:47)
	at org.junit.internal.runners.statements.InvokeMethod.evaluate(InvokeMethod.java:17)
	at org.junit.runners.ParentRunner.runLeaf(ParentRunner.java:325)
	at org.junit.runners.BlockJUnit4ClassRunner.runChild(BlockJUnit4ClassRunner.java:78)
	at org.junit.runners.BlockJUnit4ClassRunner.runChild(BlockJUnit4ClassRunner.java:57)
	at org.junit.runners.ParentRunner$3.run(ParentRunner.java:290)
	at org.junit.runners.ParentRunner$1.schedule(ParentRunner.java:71)
	at org.junit.runners.ParentRunner.runChildren(ParentRunner.java:288)
	at org.junit.runners.ParentRunner.access$000(ParentRunner.java:58)
	at org.junit.runners.ParentRunner$2.evaluate(ParentRunner.java:268)
	at org.junit.runners.ParentRunner.run(ParentRunner.java:363)
	at org.eclipse.jdt.internal.junit4.runner.JUnit4TestReference.run(JUnit4TestReference.java:86)
	at org.eclipse.jdt.internal.junit.runner.TestExecution.run(TestExecution.java:38)
	at org.eclipse.jdt.internal.junit.runner.RemoteTestRunner.runTests(RemoteTestRunner.java:459)
	at org.eclipse.jdt.internal.junit.runner.RemoteTestRunner.runTests(RemoteTestRunner.java:675)
	at org.eclipse.jdt.internal.junit.runner.RemoteTestRunner.run(RemoteTestRunner.java:382)
	at org.eclipse.jdt.internal.junit.runner.RemoteTestRunner.main(RemoteTestRunner.java:192)
Caused by: java.sql.SQLException: Access denied for user 'root'@'localhost' (using password: NO)
	at com.mysql.jdbc.SQLError.createSQLException(SQLError.java:964)
	at com.mysql.jdbc.MysqlIO.checkErrorPacket(MysqlIO.java:3973)
	at com.mysql.jdbc.MysqlIO.checkErrorPacket(MysqlIO.java:3909)
	at com.mysql.jdbc.MysqlIO.checkErrorPacket(MysqlIO.java:873)
	at com.mysql.jdbc.MysqlIO.proceedHandshakeWithPluggableAuthentication(MysqlIO.java:1710)
	at com.mysql.jdbc.MysqlIO.doHandshake(MysqlIO.java:1226)
	at com.mysql.jdbc.ConnectionImpl.coreConnect(ConnectionImpl.java:2191)
	at com.mysql.jdbc.ConnectionImpl.connectWithRetries(ConnectionImpl.java:2038)
	... 46 more
------

	at sun.reflect.NativeConstructorAccessorImpl.newInstance0(Native Method) ~[?:1.8.0_77]
	at sun.reflect.NativeConstructorAccessorImpl.newInstance(NativeConstructorAccessorImpl.java:62) ~[?:1.8.0_77]
	at sun.reflect.DelegatingConstructorAccessorImpl.newInstance(DelegatingConstructorAccessorImpl.java:45) ~[?:1.8.0_77]
	at java.lang.reflect.Constructor.newInstance(Constructor.java:423) ~[?:1.8.0_77]
	at com.jolbox.bonecp.PoolUtil.generateSQLException(PoolUtil.java:192) ~[bonecp-0.8.0.RELEASE.jar:?]
	at com.jolbox.bonecp.BoneCP.<init>(BoneCP.java:422) ~[bonecp-0.8.0.RELEASE.jar:?]
	at com.fatty.db.pool.BoneCPDBPool.<init>(BoneCPDBPool.java:68) ~[classes/:?]
	at com.fatty.db.BoneCPDBPoolMgr.createPools(BoneCPDBPoolMgr.java:44) ~[classes/:?]
	at com.fatty.db.BoneCPDBPoolMgr.createDbPool(BoneCPDBPoolMgr.java:38) ~[classes/:?]
	at com.fatty.db.BoneCPDBPoolMgr.init(BoneCPDBPoolMgr.java:23) ~[classes/:?]
	at com.fatty.db2code.Db2codeTest$1.getConnection(Db2codeTest.java:24) ~[test-classes/:?]
	at com.fatty.db2code.Db2codeUtil.getTableInfo(Db2codeUtil.java:71) ~[classes/:?]
	at com.fatty.db2code.Db2codeUtil.db2code(Db2codeUtil.java:46) ~[classes/:?]
	at com.fatty.db2code.Db2codeTest.main(Db2codeTest.java:29) ~[test-classes/:?]
	at sun.reflect.NativeMethodAccessorImpl.invoke0(Native Method) ~[?:1.8.0_77]
	at sun.reflect.NativeMethodAccessorImpl.invoke(NativeMethodAccessorImpl.java:62) ~[?:1.8.0_77]
	at sun.reflect.DelegatingMethodAccessorImpl.invoke(DelegatingMethodAccessorImpl.java:43) ~[?:1.8.0_77]
	at java.lang.reflect.Method.invoke(Method.java:498) ~[?:1.8.0_77]
	at org.junit.runners.model.FrameworkMethod$1.runReflectiveCall(FrameworkMethod.java:50) ~[junit.jar:4.12]
	at org.junit.internal.runners.model.ReflectiveCallable.run(ReflectiveCallable.java:12) ~[junit.jar:4.12]
	at org.junit.runners.model.FrameworkMethod.invokeExplosively(FrameworkMethod.java:47) ~[junit.jar:4.12]
	at org.junit.internal.runners.statements.InvokeMethod.evaluate(InvokeMethod.java:17) ~[junit.jar:4.12]
	at org.junit.runners.ParentRunner.runLeaf(ParentRunner.java:325) ~[junit.jar:4.12]
	at org.junit.runners.BlockJUnit4ClassRunner.runChild(BlockJUnit4ClassRunner.java:78) ~[junit.jar:4.12]
	at org.junit.runners.BlockJUnit4ClassRunner.runChild(BlockJUnit4ClassRunner.java:57) ~[junit.jar:4.12]
	at org.junit.runners.ParentRunner$3.run(ParentRunner.java:290) ~[junit.jar:4.12]
	at org.junit.runners.ParentRunner$1.schedule(ParentRunner.java:71) ~[junit.jar:4.12]
	at org.junit.runners.ParentRunner.runChildren(ParentRunner.java:288) ~[junit.jar:4.12]
	at org.junit.runners.ParentRunner.access$000(ParentRunner.java:58) ~[junit.jar:4.12]
	at org.junit.runners.ParentRunner$2.evaluate(ParentRunner.java:268) ~[junit.jar:4.12]
	at org.junit.runners.ParentRunner.run(ParentRunner.java:363) ~[junit.jar:4.12]
	at org.eclipse.jdt.internal.junit4.runner.JUnit4TestReference.run(JUnit4TestReference.java:86) ~[.cp/:?]
	at org.eclipse.jdt.internal.junit.runner.TestExecution.run(TestExecution.java:38) ~[.cp/:?]
	at org.eclipse.jdt.internal.junit.runner.RemoteTestRunner.runTests(RemoteTestRunner.java:459) ~[.cp/:?]
	at org.eclipse.jdt.internal.junit.runner.RemoteTestRunner.runTests(RemoteTestRunner.java:675) ~[.cp/:?]
	at org.eclipse.jdt.internal.junit.runner.RemoteTestRunner.run(RemoteTestRunner.java:382) ~[.cp/:?]
	at org.eclipse.jdt.internal.junit.runner.RemoteTestRunner.main(RemoteTestRunner.java:192) ~[.cp/:?]
Caused by: com.mysql.jdbc.exceptions.jdbc4.MySQLNonTransientConnectionException: Could not create connection to database server. Attempted reconnect 3 times. Giving up.
	at sun.reflect.NativeConstructorAccessorImpl.newInstance0(Native Method) ~[?:1.8.0_77]
	at sun.reflect.NativeConstructorAccessorImpl.newInstance(NativeConstructorAccessorImpl.java:62) ~[?:1.8.0_77]
	at sun.reflect.DelegatingConstructorAccessorImpl.newInstance(DelegatingConstructorAccessorImpl.java:45) ~[?:1.8.0_77]
	at java.lang.reflect.Constructor.newInstance(Constructor.java:423) ~[?:1.8.0_77]
	at com.mysql.jdbc.Util.handleNewInstance(Util.java:425) ~[mysql-connector-java-5.1.44.jar:5.1.44]
	at com.mysql.jdbc.Util.getInstance(Util.java:408) ~[mysql-connector-java-5.1.44.jar:5.1.44]
	at com.mysql.jdbc.SQLError.createSQLException(SQLError.java:918) ~[mysql-connector-java-5.1.44.jar:5.1.44]
	at com.mysql.jdbc.SQLError.createSQLException(SQLError.java:897) ~[mysql-connector-java-5.1.44.jar:5.1.44]
	at com.mysql.jdbc.SQLError.createSQLException(SQLError.java:886) ~[mysql-connector-java-5.1.44.jar:5.1.44]
	at com.mysql.jdbc.SQLError.createSQLException(SQLError.java:860) ~[mysql-connector-java-5.1.44.jar:5.1.44]
	at com.mysql.jdbc.ConnectionImpl.connectWithRetries(ConnectionImpl.java:2097) ~[mysql-connector-java-5.1.44.jar:5.1.44]
	at com.mysql.jdbc.ConnectionImpl.createNewIO(ConnectionImpl.java:2022) ~[mysql-connector-java-5.1.44.jar:5.1.44]
	at com.mysql.jdbc.ConnectionImpl.<init>(ConnectionImpl.java:779) ~[mysql-connector-java-5.1.44.jar:5.1.44]
	at com.mysql.jdbc.JDBC4Connection.<init>(JDBC4Connection.java:47) ~[mysql-connector-java-5.1.44.jar:5.1.44]
	at sun.reflect.NativeConstructorAccessorImpl.newInstance0(Native Method) ~[?:1.8.0_77]
	at sun.reflect.NativeConstructorAccessorImpl.newInstance(NativeConstructorAccessorImpl.java:62) ~[?:1.8.0_77]
	at sun.reflect.DelegatingConstructorAccessorImpl.newInstance(DelegatingConstructorAccessorImpl.java:45) ~[?:1.8.0_77]
	at java.lang.reflect.Constructor.newInstance(Constructor.java:423) ~[?:1.8.0_77]
	at com.mysql.jdbc.Util.handleNewInstance(Util.java:425) ~[mysql-connector-java-5.1.44.jar:5.1.44]
	at com.mysql.jdbc.ConnectionImpl.getInstance(ConnectionImpl.java:389) ~[mysql-connector-java-5.1.44.jar:5.1.44]
	at com.mysql.jdbc.NonRegisteringDriver.connect(NonRegisteringDriver.java:330) ~[mysql-connector-java-5.1.44.jar:5.1.44]
	at john.walker.spi.MysqlProxyDriver.connect(MysqlProxyDriver.java:39) ~[classes/:?]
	at java.sql.DriverManager.getConnection(DriverManager.java:664) ~[?:1.8.0_77]
	at java.sql.DriverManager.getConnection(DriverManager.java:247) ~[?:1.8.0_77]
	at com.jolbox.bonecp.BoneCP.obtainRawInternalConnection(BoneCP.java:363) ~[bonecp-0.8.0.RELEASE.jar:?]
	at com.jolbox.bonecp.BoneCP.<init>(BoneCP.java:416) ~[bonecp-0.8.0.RELEASE.jar:?]
	... 31 more
Caused by: java.sql.SQLException: Access denied for user 'root'@'localhost' (using password: NO)
	at com.mysql.jdbc.SQLError.createSQLException(SQLError.java:964) ~[mysql-connector-java-5.1.44.jar:5.1.44]
	at com.mysql.jdbc.MysqlIO.checkErrorPacket(MysqlIO.java:3973) ~[mysql-connector-java-5.1.44.jar:5.1.44]
	at com.mysql.jdbc.MysqlIO.checkErrorPacket(MysqlIO.java:3909) ~[mysql-connector-java-5.1.44.jar:5.1.44]
	at com.mysql.jdbc.MysqlIO.checkErrorPacket(MysqlIO.java:873) ~[mysql-connector-java-5.1.44.jar:5.1.44]
	at com.mysql.jdbc.MysqlIO.proceedHandshakeWithPluggableAuthentication(MysqlIO.java:1710) ~[mysql-connector-java-5.1.44.jar:5.1.44]
	at com.mysql.jdbc.MysqlIO.doHandshake(MysqlIO.java:1226) ~[mysql-connector-java-5.1.44.jar:5.1.44]
	at com.mysql.jdbc.ConnectionImpl.coreConnect(ConnectionImpl.java:2191) ~[mysql-connector-java-5.1.44.jar:5.1.44]
	at com.mysql.jdbc.ConnectionImpl.connectWithRetries(ConnectionImpl.java:2038) ~[mysql-connector-java-5.1.44.jar:5.1.44]
	at com.mysql.jdbc.ConnectionImpl.createNewIO(ConnectionImpl.java:2022) ~[mysql-connector-java-5.1.44.jar:5.1.44]
	at com.mysql.jdbc.ConnectionImpl.<init>(ConnectionImpl.java:779) ~[mysql-connector-java-5.1.44.jar:5.1.44]
	at com.mysql.jdbc.JDBC4Connection.<init>(JDBC4Connection.java:47) ~[mysql-connector-java-5.1.44.jar:5.1.44]
	at sun.reflect.NativeConstructorAccessorImpl.newInstance0(Native Method) ~[?:1.8.0_77]
	at sun.reflect.NativeConstructorAccessorImpl.newInstance(NativeConstructorAccessorImpl.java:62) ~[?:1.8.0_77]
	at sun.reflect.DelegatingConstructorAccessorImpl.newInstance(DelegatingConstructorAccessorImpl.java:45) ~[?:1.8.0_77]
	at java.lang.reflect.Constructor.newInstance(Constructor.java:423) ~[?:1.8.0_77]
	at com.mysql.jdbc.Util.handleNewInstance(Util.java:425) ~[mysql-connector-java-5.1.44.jar:5.1.44]
	at com.mysql.jdbc.ConnectionImpl.getInstance(ConnectionImpl.java:389) ~[mysql-connector-java-5.1.44.jar:5.1.44]
	at com.mysql.jdbc.NonRegisteringDriver.connect(NonRegisteringDriver.java:330) ~[mysql-connector-java-5.1.44.jar:5.1.44]
	at john.walker.spi.MysqlProxyDriver.connect(MysqlProxyDriver.java:39) ~[classes/:?]
	at java.sql.DriverManager.getConnection(DriverManager.java:664) ~[?:1.8.0_77]
	at java.sql.DriverManager.getConnection(DriverManager.java:247) ~[?:1.8.0_77]
	at com.jolbox.bonecp.BoneCP.obtainRawInternalConnection(BoneCP.java:363) ~[bonecp-0.8.0.RELEASE.jar:?]
	at com.jolbox.bonecp.BoneCP.<init>(BoneCP.java:416) ~[bonecp-0.8.0.RELEASE.jar:?]
	... 31 more
17-11-13 14:35:38.036 [main:456] [INFO ] [com.fatty.db2code.Db2codeTest] - nihao
17-11-13 14:35:38.428 [main:848] [INFO ] [com.fatty.db.BoneCPDBPoolMgr] - 加载配置连接池:db,URL:jdbc:mysql://localhost/ledger_test?characterEncoding=utf-8&autoReconnect=true&useSSL=false完成！
17-11-13 14:35:38.469 [main:889] [INFO ] [com.fatty.db2code.Db2codeTest$1] - finance
17-11-13 14:41:02.959 [main:586] [INFO ] [com.fatty.db2code.Db2codeTest] - nihao
17-11-13 14:41:03.361 [main:988] [INFO ] [com.fatty.db.BoneCPDBPoolMgr] - ӳ:db,URL:jdbc:mysql://localhost/ledger_test?characterEncoding=utf-8&autoReconnect=true&useSSL=falseɣ
17-11-13 14:41:03.364 [main:991] [INFO ] [com.fatty.db2code.Db2codeTest$1] - finance
